# JRE version: OpenJDK Runtime Environment (21.0.9) (build 21.0.9+-14787801-b1163.94)
# Java VM: OpenJDK 64-Bit Server VM (21.0.9+-14787801-b1163.94, mixed mode, tiered, compressed oops, compressed class ptrs, g1 gc, windows-amd64)
GC Precious Log:
 CardTable entry size: 512
 Card Set container configuration: InlinePtr #cards 5 size 8 Array Of Cards #cards 12 size 40 Howl #buckets 4 coarsen threshold 1843 Howl Bitmap #cards 512 size 80 coarsen threshold 460 Card regions per heap region 1 cards per card region 2048
 CPUs: 16 total, 16 available
 Memory: 7501M
 Large Page Support: Disabled
 NUMA Support: Disabled
 Compressed Oops: Enabled (32-bit)
 Heap Region Size: 1M
 Heap Min Capacity: 8M
 Heap Initial Capacity: 118M
 Heap Max Capacity: 2G
 Pre-touch: Disabled
 Parallel Workers: 13
 Concurrent Workers: 3
 Concurrent Refinement Workers: 13
 Periodic GC: Disabled
Heap:
 garbage-first heap   total 280576K, used 248858K [0x0000000080000000, 0x0000000100000000)
  region size 1024K, 97 young (99328K), 9 survivors (9216K)
 Metaspace       used 136232K, committed 138752K, reserved 1179648K
  class space    used 18802K, committed 20032K, reserved 1048576K
GC Heap History (20 events):
Event: 32.947 GC heap before
{Heap before GC invocations=44 (full 0):
 garbage-first heap   total 271360K, used 241579K [0x0000000080000000, 0x0000000100000000)
  region size 1024K, 154 young (157696K), 14 survivors (14336K)
 Metaspace       used 114073K, committed 116352K, reserved 1179648K
  class space    used 16126K, committed 17216K, reserved 1048576K
}
Event: 32.962 GC heap after
{Heap after GC invocations=45 (full 0):
 garbage-first heap   total 271360K, used 103831K [0x0000000080000000, 0x0000000100000000)
  region size 1024K, 13 young (13312K), 13 survivors (13312K)
 Metaspace       used 114073K, committed 116352K, reserved 1179648K
  class space    used 16126K, committed 17216K, reserved 1048576K
}
Event: 34.750 GC heap before
{Heap before GC invocations=46 (full 0):
 garbage-first heap   total 271360K, used 246167K [0x0000000080000000, 0x0000000100000000)
  region size 1024K, 153 young (156672K), 13 survivors (13312K)
 Metaspace       used 118268K, committed 120576K, reserved 1179648K
  class space    used 16800K, committed 17920K, reserved 1048576K
}
Event: 34.766 GC heap after
{Heap after GC invocations=47 (full 0):
 garbage-first heap   total 271360K, used 111001K [0x0000000080000000, 0x0000000100000000)
  region size 1024K, 13 young (13312K), 13 survivors (13312K)
 Metaspace       used 118268K, committed 120576K, reserved 1179648K
  class space    used 16800K, committed 17920K, reserved 1048576K
}
Event: 57.772 GC heap before
{Heap before GC invocations=47 (full 0):
 garbage-first heap   total 271360K, used 252313K [0x0000000080000000, 0x0000000100000000)
  region size 1024K, 147 young (150528K), 13 survivors (13312K)
 Metaspace       used 122477K, committed 124864K, reserved 1179648K
  class space    used 17280K, committed 18432K, reserved 1048576K
}
Event: 57.789 GC heap after
{Heap after GC invocations=48 (full 0):
 garbage-first heap   total 272384K, used 113889K [0x0000000080000000, 0x0000000100000000)
  region size 1024K, 11 young (11264K), 11 survivors (11264K)
 Metaspace       used 122477K, committed 124864K, reserved 1179648K
  class space    used 17280K, committed 18432K, reserved 1048576K
}
Event: 73.582 GC heap before
{Heap before GC invocations=48 (full 0):
 garbage-first heap   total 272384K, used 251105K [0x0000000080000000, 0x0000000100000000)
  region size 1024K, 146 young (149504K), 11 survivors (11264K)
 Metaspace       used 124546K, committed 126976K, reserved 1179648K
  class space    used 17467K, committed 18688K, reserved 1048576K
}
Event: 73.598 GC heap after
{Heap after GC invocations=49 (full 0):
 garbage-first heap   total 272384K, used 122439K [0x0000000080000000, 0x0000000100000000)
  region size 1024K, 12 young (12288K), 12 survivors (12288K)
 Metaspace       used 124546K, committed 126976K, reserved 1179648K
  class space    used 17467K, committed 18688K, reserved 1048576K
}
Event: 75.658 GC heap before
{Heap before GC invocations=50 (full 0):
 garbage-first heap   total 272384K, used 252487K [0x0000000080000000, 0x0000000100000000)
  region size 1024K, 139 young (142336K), 12 survivors (12288K)
 Metaspace       used 127761K, committed 130176K, reserved 1179648K
  class space    used 17879K, committed 19072K, reserved 1048576K
}
Event: 75.679 GC heap after
{Heap after GC invocations=51 (full 0):
 garbage-first heap   total 279552K, used 136296K [0x0000000080000000, 0x0000000100000000)
  region size 1024K, 18 young (18432K), 18 survivors (18432K)
 Metaspace       used 127761K, committed 130176K, reserved 1179648K
  class space    used 17879K, committed 19072K, reserved 1048576K
}
Event: 76.171 GC heap before
{Heap before GC invocations=51 (full 0):
 garbage-first heap   total 279552K, used 253032K [0x0000000080000000, 0x0000000100000000)
  region size 1024K, 133 young (136192K), 18 survivors (18432K)
 Metaspace       used 128260K, committed 130688K, reserved 1179648K
  class space    used 17943K, committed 19136K, reserved 1048576K
}
Event: 76.189 GC heap after
{Heap after GC invocations=52 (full 0):
 garbage-first heap   total 280576K, used 141812K [0x0000000080000000, 0x0000000100000000)
  region size 1024K, 5 young (5120K), 5 survivors (5120K)
 Metaspace       used 128260K, committed 130688K, reserved 1179648K
  class space    used 17943K, committed 19136K, reserved 1048576K
}
Event: 76.500 GC heap before
{Heap before GC invocations=52 (full 0):
 garbage-first heap   total 280576K, used 258548K [0x0000000080000000, 0x0000000100000000)
  region size 1024K, 119 young (121856K), 5 survivors (5120K)
 Metaspace       used 128432K, committed 130880K, reserved 1179648K
  class space    used 17973K, committed 19200K, reserved 1048576K
}
Event: 76.505 GC heap after
{Heap after GC invocations=53 (full 0):
 garbage-first heap   total 280576K, used 141507K [0x0000000080000000, 0x0000000100000000)
  region size 1024K, 5 young (5120K), 5 survivors (5120K)
 Metaspace       used 128432K, committed 130880K, reserved 1179648K
  class space    used 17973K, committed 19200K, reserved 1048576K
}
Event: 76.998 GC heap before
{Heap before GC invocations=54 (full 0):
 garbage-first heap   total 280576K, used 263363K [0x0000000080000000, 0x0000000100000000)
  region size 1024K, 122 young (124928K), 5 survivors (5120K)
 Metaspace       used 129806K, committed 132288K, reserved 1179648K
  class space    used 18121K, committed 19328K, reserved 1048576K
}
Event: 77.003 GC heap after
{Heap after GC invocations=55 (full 0):
 garbage-first heap   total 280576K, used 146895K [0x0000000080000000, 0x0000000100000000)
  region size 1024K, 7 young (7168K), 7 survivors (7168K)
 Metaspace       used 129806K, committed 132288K, reserved 1179648K
  class space    used 18121K, committed 19328K, reserved 1048576K
}
Event: 77.951 GC heap before
{Heap before GC invocations=55 (full 0):
 garbage-first heap   total 280576K, used 265679K [0x0000000080000000, 0x0000000100000000)
  region size 1024K, 122 young (124928K), 7 survivors (7168K)
 Metaspace       used 134829K, committed 137280K, reserved 1179648K
  class space    used 18602K, committed 19840K, reserved 1048576K
}
Event: 77.960 GC heap after
{Heap after GC invocations=56 (full 0):
 garbage-first heap   total 280576K, used 145777K [0x0000000080000000, 0x0000000100000000)
  region size 1024K, 11 young (11264K), 11 survivors (11264K)
 Metaspace       used 134829K, committed 137280K, reserved 1179648K
  class space    used 18602K, committed 19840K, reserved 1048576K
}
Event: 78.179 GC heap before
{Heap before GC invocations=56 (full 0):
 garbage-first heap   total 280576K, used 262513K [0x0000000080000000, 0x0000000100000000)
  region size 1024K, 126 young (129024K), 11 survivors (11264K)
 Metaspace       used 135563K, committed 138048K, reserved 1179648K
  class space    used 18711K, committed 19904K, reserved 1048576K
}
Event: 78.189 GC heap after
{Heap after GC invocations=57 (full 0):
 garbage-first heap   total 280576K, used 146458K [0x0000000080000000, 0x0000000100000000)
  region size 1024K, 9 young (9216K), 9 survivors (9216K)
 Metaspace       used 135563K, committed 138048K, reserved 1179648K
  class space    used 18711K, committed 19904K, reserved 1048576K
}

