# JRE version: OpenJDK Runtime Environment (21.0.9) (build 21.0.9+-14787801-b1163.94)
# Java VM: OpenJDK 64-Bit Server VM (21.0.9+-14787801-b1163.94, mixed mode, tiered, compressed oops, compressed class ptrs, g1 gc, windows-amd64)
GC Precious Log:
 CardTable entry size: 512
 Card Set container configuration: InlinePtr #cards 5 size 8 Array Of Cards #cards 12 size 40 Howl #buckets 4 coarsen threshold 1843 Howl Bitmap #cards 512 size 80 coarsen threshold 460 Card regions per heap region 1 cards per card region 2048
 CPUs: 16 total, 16 available
 Memory: 7501M
 Large Page Support: Disabled
 NUMA Support: Disabled
 Compressed Oops: Enabled (32-bit)
 Heap Region Size: 1M
 Heap Min Capacity: 8M
 Heap Initial Capacity: 118M
 Heap Max Capacity: 2G
 Pre-touch: Disabled
 Parallel Workers: 13
 Concurrent Workers: 3
 Concurrent Refinement Workers: 13
 Periodic GC: Disabled
Heap:
 garbage-first heap   total 424960K, used 360448K [0x0000000080000000, 0x0000000100000000)
  region size 1024K, 168 young (172032K), 3 survivors (3072K)
 Metaspace       used 230113K, committed 232128K, reserved 1310720K
  class space    used 29358K, committed 30272K, reserved 1048576K
GC Heap History (20 events):
Event: 10493.245 GC heap before
{Heap before GC invocations=102 (full 0):
 garbage-first heap   total 424960K, used 402199K [0x0000000080000000, 0x0000000100000000)
  region size 1024K, 223 young (228352K), 13 survivors (13312K)
 Metaspace       used 222120K, committed 223872K, reserved 1245184K
  class space    used 28174K, committed 28992K, reserved 1048576K
}
Event: 10493.468 GC heap after
{Heap after GC invocations=103 (full 0):
 garbage-first heap   total 424960K, used 185982K [0x0000000080000000, 0x0000000100000000)
  region size 1024K, 13 young (13312K), 13 survivors (13312K)
 Metaspace       used 222120K, committed 223872K, reserved 1245184K
  class space    used 28174K, committed 28992K, reserved 1048576K
}
Event: 11043.252 GC heap before
{Heap before GC invocations=103 (full 0):
 garbage-first heap   total 424960K, used 402046K [0x0000000080000000, 0x0000000100000000)
  region size 1024K, 224 young (229376K), 13 survivors (13312K)
 Metaspace       used 222122K, committed 223872K, reserved 1245184K
  class space    used 28174K, committed 28992K, reserved 1048576K
}
Event: 11043.363 GC heap after
{Heap after GC invocations=104 (full 0):
 garbage-first heap   total 424960K, used 185131K [0x0000000080000000, 0x0000000100000000)
  region size 1024K, 12 young (12288K), 12 survivors (12288K)
 Metaspace       used 222122K, committed 223872K, reserved 1245184K
  class space    used 28174K, committed 28992K, reserved 1048576K
}
Event: 11603.258 GC heap before
{Heap before GC invocations=104 (full 0):
 garbage-first heap   total 424960K, used 402219K [0x0000000080000000, 0x0000000100000000)
  region size 1024K, 224 young (229376K), 12 survivors (12288K)
 Metaspace       used 222122K, committed 223872K, reserved 1245184K
  class space    used 28174K, committed 28992K, reserved 1048576K
}
Event: 11603.424 GC heap after
{Heap after GC invocations=105 (full 0):
 garbage-first heap   total 424960K, used 185305K [0x0000000080000000, 0x0000000100000000)
  region size 1024K, 13 young (13312K), 13 survivors (13312K)
 Metaspace       used 222122K, committed 223872K, reserved 1245184K
  class space    used 28174K, committed 28992K, reserved 1048576K
}
Event: 12153.272 GC heap before
{Heap before GC invocations=106 (full 0):
 garbage-first heap   total 424960K, used 395225K [0x0000000080000000, 0x0000000100000000)
  region size 1024K, 224 young (229376K), 13 survivors (13312K)
 Metaspace       used 220919K, committed 223616K, reserved 1245184K
  class space    used 27932K, committed 28992K, reserved 1048576K
}
Event: 12153.425 GC heap after
{Heap after GC invocations=107 (full 0):
 garbage-first heap   total 424960K, used 178987K [0x0000000080000000, 0x0000000100000000)
  region size 1024K, 12 young (12288K), 12 survivors (12288K)
 Metaspace       used 220919K, committed 223616K, reserved 1245184K
  class space    used 27932K, committed 28992K, reserved 1048576K
}
Event: 12733.249 GC heap before
{Heap before GC invocations=107 (full 0):
 garbage-first heap   total 424960K, used 402219K [0x0000000080000000, 0x0000000100000000)
  region size 1024K, 230 young (235520K), 12 survivors (12288K)
 Metaspace       used 220920K, committed 223616K, reserved 1245184K
  class space    used 27932K, committed 28992K, reserved 1048576K
}
Event: 12733.428 GC heap after
{Heap after GC invocations=108 (full 0):
 garbage-first heap   total 424960K, used 170488K [0x0000000080000000, 0x0000000100000000)
  region size 1024K, 12 young (12288K), 12 survivors (12288K)
 Metaspace       used 220920K, committed 223616K, reserved 1245184K
  class space    used 27932K, committed 28992K, reserved 1048576K
}
Event: 13323.259 GC heap before
{Heap before GC invocations=108 (full 0):
 garbage-first heap   total 424960K, used 401912K [0x0000000080000000, 0x0000000100000000)
  region size 1024K, 238 young (243712K), 12 survivors (12288K)
 Metaspace       used 220920K, committed 223616K, reserved 1245184K
  class space    used 27932K, committed 28992K, reserved 1048576K
}
Event: 13323.407 GC heap after
{Heap after GC invocations=109 (full 0):
 garbage-first heap   total 424960K, used 169413K [0x0000000080000000, 0x0000000100000000)
  region size 1024K, 12 young (12288K), 12 survivors (12288K)
 Metaspace       used 220920K, committed 223616K, reserved 1245184K
  class space    used 27932K, committed 28992K, reserved 1048576K
}
Event: 13915.486 GC heap before
{Heap before GC invocations=109 (full 0):
 garbage-first heap   total 424960K, used 400837K [0x0000000080000000, 0x0000000100000000)
  region size 1024K, 238 young (243712K), 12 survivors (12288K)
 Metaspace       used 220920K, committed 223616K, reserved 1245184K
  class space    used 27932K, committed 28992K, reserved 1048576K
}
Event: 13915.675 GC heap after
{Heap after GC invocations=110 (full 0):
 garbage-first heap   total 424960K, used 169251K [0x0000000080000000, 0x0000000100000000)
  region size 1024K, 12 young (12288K), 12 survivors (12288K)
 Metaspace       used 220920K, committed 223616K, reserved 1245184K
  class space    used 27932K, committed 28992K, reserved 1048576K
}
Event: 14117.608 GC heap before
{Heap before GC invocations=111 (full 0):
 garbage-first heap   total 424960K, used 400675K [0x0000000080000000, 0x0000000100000000)
  region size 1024K, 238 young (243712K), 12 survivors (12288K)
 Metaspace       used 222373K, committed 224128K, reserved 1245184K
  class space    used 28244K, committed 29056K, reserved 1048576K
}
Event: 14117.647 GC heap after
{Heap after GC invocations=112 (full 0):
 garbage-first heap   total 424960K, used 177062K [0x0000000080000000, 0x0000000100000000)
  region size 1024K, 19 young (19456K), 19 survivors (19456K)
 Metaspace       used 222373K, committed 224128K, reserved 1245184K
  class space    used 28244K, committed 29056K, reserved 1048576K
}
Event: 14120.645 GC heap before
{Heap before GC invocations=112 (full 0):
 garbage-first heap   total 424960K, used 286630K [0x0000000080000000, 0x0000000100000000)
  region size 1024K, 127 young (130048K), 19 survivors (19456K)
 Metaspace       used 226607K, committed 228544K, reserved 1310720K
  class space    used 28822K, committed 29760K, reserved 1048576K
}
Event: 14120.680 GC heap after
{Heap after GC invocations=113 (full 0):
 garbage-first heap   total 424960K, used 190093K [0x0000000080000000, 0x0000000100000000)
  region size 1024K, 16 young (16384K), 16 survivors (16384K)
 Metaspace       used 226607K, committed 228544K, reserved 1310720K
  class space    used 28822K, committed 29760K, reserved 1048576K
}
Event: 14120.728 GC heap before
{Heap before GC invocations=113 (full 0):
 garbage-first heap   total 424960K, used 194189K [0x0000000080000000, 0x0000000100000000)
  region size 1024K, 20 young (20480K), 16 survivors (16384K)
 Metaspace       used 226608K, committed 228544K, reserved 1310720K
  class space    used 28822K, committed 29760K, reserved 1048576K
}
Event: 14120.746 GC heap after
{Heap after GC invocations=114 (full 0):
 garbage-first heap   total 424960K, used 193536K [0x0000000080000000, 0x0000000100000000)
  region size 1024K, 3 young (3072K), 3 survivors (3072K)
 Metaspace       used 226608K, committed 228544K, reserved 1310720K
  class space    used 28822K, committed 29760K, reserved 1048576K
}

