# JRE version: OpenJDK Runtime Environment (21.0.9) (build 21.0.9+-14787801-b1163.94)
# Java VM: OpenJDK 64-Bit Server VM (21.0.9+-14787801-b1163.94, mixed mode, tiered, compressed oops, compressed class ptrs, g1 gc, windows-amd64)
GC Precious Log:
 CardTable entry size: 512
 Card Set container configuration: InlinePtr #cards 5 size 8 Array Of Cards #cards 12 size 40 Howl #buckets 4 coarsen threshold 1843 Howl Bitmap #cards 512 size 80 coarsen threshold 460 Card regions per heap region 1 cards per card region 2048
 CPUs: 16 total, 16 available
 Memory: 7501M
 Large Page Support: Disabled
 NUMA Support: Disabled
 Compressed Oops: Enabled (32-bit)
 Heap Region Size: 1M
 Heap Min Capacity: 8M
 Heap Initial Capacity: 118M
 Heap Max Capacity: 2G
 Pre-touch: Disabled
 Parallel Workers: 13
 Concurrent Workers: 3
 Concurrent Refinement Workers: 13
 Periodic GC: Disabled
Heap:
 garbage-first heap   total 166912K, used 146647K [0x0000000080000000, 0x0000000100000000)
  region size 1024K, 83 young (84992K), 12 survivors (12288K)
 Metaspace       used 84532K, committed 86592K, reserved 1179648K
  class space    used 11897K, committed 12928K, reserved 1048576K
GC Heap History (20 events):
Event: 10.100 GC heap before
{Heap before GC invocations=21 (full 0):
 garbage-first heap   total 95232K, used 85319K [0x0000000080000000, 0x0000000100000000)
  region size 1024K, 41 young (41984K), 6 survivors (6144K)
 Metaspace       used 71577K, committed 73408K, reserved 1114112K
  class space    used 10201K, committed 11072K, reserved 1048576K
}
Event: 10.105 GC heap after
{Heap after GC invocations=22 (full 0):
 garbage-first heap   total 95232K, used 51704K [0x0000000080000000, 0x0000000100000000)
  region size 1024K, 2 young (2048K), 2 survivors (2048K)
 Metaspace       used 71577K, committed 73408K, reserved 1114112K
  class space    used 10201K, committed 11072K, reserved 1048576K
}
Event: 10.240 GC heap before
{Heap before GC invocations=22 (full 0):
 garbage-first heap   total 95232K, used 87544K [0x0000000080000000, 0x0000000100000000)
  region size 1024K, 37 young (37888K), 2 survivors (2048K)
 Metaspace       used 71793K, committed 73664K, reserved 1114112K
  class space    used 10201K, committed 11072K, reserved 1048576K
}
Event: 10.245 GC heap after
{Heap after GC invocations=23 (full 0):
 garbage-first heap   total 95232K, used 52142K [0x0000000080000000, 0x0000000100000000)
  region size 1024K, 2 young (2048K), 2 survivors (2048K)
 Metaspace       used 71793K, committed 73664K, reserved 1114112K
  class space    used 10201K, committed 11072K, reserved 1048576K
}
Event: 10.325 GC heap before
{Heap before GC invocations=23 (full 0):
 garbage-first heap   total 95232K, used 87982K [0x0000000080000000, 0x0000000100000000)
  region size 1024K, 38 young (38912K), 2 survivors (2048K)
 Metaspace       used 71813K, committed 73664K, reserved 1114112K
  class space    used 10201K, committed 11072K, reserved 1048576K
}
Event: 10.329 GC heap after
{Heap after GC invocations=24 (full 0):
 garbage-first heap   total 114688K, used 52731K [0x0000000080000000, 0x0000000100000000)
  region size 1024K, 3 young (3072K), 3 survivors (3072K)
 Metaspace       used 71813K, committed 73664K, reserved 1114112K
  class space    used 10201K, committed 11072K, reserved 1048576K
}
Event: 10.468 GC heap before
{Heap before GC invocations=25 (full 0):
 garbage-first heap   total 114688K, used 104955K [0x0000000080000000, 0x0000000100000000)
  region size 1024K, 55 young (56320K), 3 survivors (3072K)
 Metaspace       used 71856K, committed 73728K, reserved 1114112K
  class space    used 10201K, committed 11072K, reserved 1048576K
}
Event: 10.472 GC heap after
{Heap after GC invocations=26 (full 0):
 garbage-first heap   total 114688K, used 53389K [0x0000000080000000, 0x0000000100000000)
  region size 1024K, 4 young (4096K), 4 survivors (4096K)
 Metaspace       used 71856K, committed 73728K, reserved 1114112K
  class space    used 10201K, committed 11072K, reserved 1048576K
}
Event: 10.551 GC heap before
{Heap before GC invocations=26 (full 0):
 garbage-first heap   total 114688K, used 105613K [0x0000000080000000, 0x0000000100000000)
  region size 1024K, 56 young (57344K), 4 survivors (4096K)
 Metaspace       used 71856K, committed 73728K, reserved 1114112K
  class space    used 10201K, committed 11072K, reserved 1048576K
}
Event: 10.556 GC heap after
{Heap after GC invocations=27 (full 0):
 garbage-first heap   total 114688K, used 53726K [0x0000000080000000, 0x0000000100000000)
  region size 1024K, 4 young (4096K), 4 survivors (4096K)
 Metaspace       used 71856K, committed 73728K, reserved 1114112K
  class space    used 10201K, committed 11072K, reserved 1048576K
}
Event: 10.651 GC heap before
{Heap before GC invocations=27 (full 0):
 garbage-first heap   total 114688K, used 105950K [0x0000000080000000, 0x0000000100000000)
  region size 1024K, 56 young (57344K), 4 survivors (4096K)
 Metaspace       used 71861K, committed 73792K, reserved 1114112K
  class space    used 10201K, committed 11072K, reserved 1048576K
}
Event: 10.657 GC heap after
{Heap after GC invocations=28 (full 0):
 garbage-first heap   total 114688K, used 54296K [0x0000000080000000, 0x0000000100000000)
  region size 1024K, 5 young (5120K), 5 survivors (5120K)
 Metaspace       used 71861K, committed 73792K, reserved 1114112K
  class space    used 10201K, committed 11072K, reserved 1048576K
}
Event: 10.774 GC heap before
{Heap before GC invocations=29 (full 0):
 garbage-first heap   total 114688K, used 106520K [0x0000000080000000, 0x0000000100000000)
  region size 1024K, 56 young (57344K), 5 survivors (5120K)
 Metaspace       used 71861K, committed 73792K, reserved 1114112K
  class space    used 10201K, committed 11072K, reserved 1048576K
}
Event: 10.779 GC heap after
{Heap after GC invocations=30 (full 0):
 garbage-first heap   total 153600K, used 54707K [0x0000000080000000, 0x0000000100000000)
  region size 1024K, 4 young (4096K), 4 survivors (4096K)
 Metaspace       used 71861K, committed 73792K, reserved 1114112K
  class space    used 10201K, committed 11072K, reserved 1048576K
}
Event: 10.928 GC heap before
{Heap before GC invocations=30 (full 0):
 garbage-first heap   total 153600K, used 141747K [0x0000000080000000, 0x0000000100000000)
  region size 1024K, 90 young (92160K), 4 survivors (4096K)
 Metaspace       used 71868K, committed 73792K, reserved 1114112K
  class space    used 10201K, committed 11072K, reserved 1048576K
}
Event: 10.935 GC heap after
{Heap after GC invocations=31 (full 0):
 garbage-first heap   total 153600K, used 55310K [0x0000000080000000, 0x0000000100000000)
  region size 1024K, 5 young (5120K), 5 survivors (5120K)
 Metaspace       used 71868K, committed 73792K, reserved 1114112K
  class space    used 10201K, committed 11072K, reserved 1048576K
}
Event: 11.222 GC heap before
{Heap before GC invocations=31 (full 0):
 garbage-first heap   total 153600K, used 89102K [0x0000000080000000, 0x0000000100000000)
  region size 1024K, 39 young (39936K), 5 survivors (5120K)
 Metaspace       used 72225K, committed 74176K, reserved 1114112K
  class space    used 10247K, committed 11200K, reserved 1048576K
}
Event: 11.227 GC heap after
{Heap after GC invocations=32 (full 0):
 garbage-first heap   total 153600K, used 57526K [0x0000000080000000, 0x0000000100000000)
  region size 1024K, 7 young (7168K), 7 survivors (7168K)
 Metaspace       used 72225K, committed 74176K, reserved 1114112K
  class space    used 10247K, committed 11200K, reserved 1048576K
}
Event: 12.662 GC heap before
{Heap before GC invocations=33 (full 0):
 garbage-first heap   total 153600K, used 150710K [0x0000000080000000, 0x0000000100000000)
  region size 1024K, 90 young (92160K), 7 survivors (7168K)
 Metaspace       used 77941K, committed 79936K, reserved 1179648K
  class space    used 10927K, committed 11904K, reserved 1048576K
}
Event: 12.672 GC heap after
{Heap after GC invocations=34 (full 0):
 garbage-first heap   total 166912K, used 72919K [0x0000000080000000, 0x0000000100000000)
  region size 1024K, 12 young (12288K), 12 survivors (12288K)
 Metaspace       used 77941K, committed 79936K, reserved 1179648K
  class space    used 10927K, committed 11904K, reserved 1048576K
}

